Arguments: 
  /home/thealgo/.nvm/versions/node/v8.11.1/bin/node /usr/local/bin/yarn

PATH: 
  /home/thealgo/.nvm/versions/node/v8.11.1/bin:/home/thealgo/bin:/home/thealgo/.local/bin:/usr/local/sbin:/usr/local/bin:/usr/sbin:/usr/bin:/sbin:/bin:/usr/games:/usr/local/games:/snap/bin:/home/thealgo/Android/Sdk/tools:/home/thealgo/Android/Sdk/platform-tools:/home/thealgo/.yarn/bin:/media/thealgo/DATA/projects/Blockchain/PeerSoft/hda-server/hda

Yarn version: 
  1.12.0

Node version: 
  8.11.1

Platform: 
  linux x64

Trace: 
  SyntaxError: /media/thealgo/DATA/projects/package.json: Unexpected token < in JSON at position 0
      at JSON.parse (<anonymous>)
      at /usr/local/lib/node_modules/yarn/lib/cli.js:1130:59
      at Generator.next (<anonymous>)
      at step (/usr/local/lib/node_modules/yarn/lib/cli.js:92:30)
      at /usr/local/lib/node_modules/yarn/lib/cli.js:103:13
      at <anonymous>

npm manifest: 
  {
    "name": "drizzle-box",
    "version": "1.0.0",
    "devDependencies": {
      "ganache-cli": "^6.1.6",
      "openzeppelin-solidity": "^1.10.0",
      "truffle": "^4.1.13",
      "truffle-hdwallet-provider": "^0.0.5"
    },
    "dependencies": {
      "@material-ui/core": "^3.2.0",
      "autoprefixer": "7.1.6",
      "babel-core": "6.26.0",
      "babel-eslint": "7.2.3",
      "babel-jest": "20.0.3",
      "babel-loader": "7.1.2",
      "babel-preset-react-app": "^3.1.1",
      "babel-runtime": "6.26.0",
      "case-sensitive-paths-webpack-plugin": "2.1.1",
      "chalk": "1.1.3",
      "css-loader": "0.28.7",
      "dotenv": "4.0.0",
      "dotenv-expand": "4.2.0",
      "drizzle": "^1.2.2",
      "drizzle-react": "^1.1.1",
      "drizzle-react-components": "^1.2.0",
      "eslint": "4.10.0",
      "eslint-config-react-app": "^2.1.0",
      "eslint-loader": "1.9.0",
      "eslint-plugin-flowtype": "2.39.1",
      "eslint-plugin-import": "2.8.0",
      "eslint-plugin-jsx-a11y": "5.1.1",
      "eslint-plugin-react": "7.4.0",
      "eth-block-tracker-es5": "^2.3.2",
      "extract-text-webpack-plugin": "3.0.2",
      "file-loader": "1.1.5",
      "fs-extra": "3.0.1",
      "google-map-react": "^1.0.9",
      "google-maps-react": "^2.0.2",
      "html-webpack-plugin": "2.29.0",
      "jest": "20.0.4",
      "object-assign": "4.1.1",
      "postcss-flexbugs-fixes": "3.2.0",
      "postcss-loader": "2.0.8",
      "promise": "8.0.1",
      "raf": "3.4.0",
      "rc-progress": "^2.2.5",
      "react": "^16.4.1",
      "react-dev-utils": "^5.0.1",
      "react-dom": "^16.4.1",
      "react-redux": "^5.0.7",
      "react-router": "^4.3.1",
      "react-router-dom": "^4.3.1",
      "react-router-redux": "^4.0.8",
      "redux": "^4.0.0",
      "redux-auth-wrapper": "^2.0.3",
      "redux-saga": "^0.16.0",
      "redux-thunk": "^2.3.0",
      "resolve": "1.6.0",
      "style-loader": "0.19.0",
      "sw-precache-webpack-plugin": "0.11.4",
      "url-loader": "0.6.2",
      "web3": "^1.0.0-beta.34",
      "webpack": "3.8.1",
      "webpack-dev-server": "2.9.4",
      "webpack-manifest-plugin": "1.3.2",
      "whatwg-fetch": "2.0.3"
    },
    "scripts": {
      "start": "node scripts/start.js",
      "build": "truffle compile && node scripts/build.js",
      "test": "node scripts/test.js --env=jsdom",
      "chain": "ganache-cli",
      "prepare": "npm run build"
    },
    "jest": {
      "collectCoverageFrom": [
        "src/**/*.{js,jsx,mjs}"
      ],
      "setupFiles": [
        "<rootDir>/config/polyfills.js"
      ],
      "testMatch": [
        "<rootDir>/src/**/__tests__/**/*.{js,jsx,mjs}",
        "<rootDir>/src/**/?(*.)(spec|test).{js,jsx,mjs}"
      ],
      "testEnvironment": "node",
      "testURL": "http://localhost",
      "transform": {
        "^.+\\.(js|jsx|mjs)$": "<rootDir>/node_modules/babel-jest",
        "^.+\\.css$": "<rootDir>/config/jest/cssTransform.js",
        "^(?!.*\\.(js|jsx|mjs|css|json)$)": "<rootDir>/config/jest/fileTransform.js"
      },
      "transformIgnorePatterns": [
        "[/\\\\]node_modules[/\\\\].+\\.(js|jsx|mjs)$"
      ],
      "moduleNameMapper": {
        "^react-native$": "react-native-web"
      },
      "moduleFileExtensions": [
        "web.js",
        "js",
        "json",
        "web.jsx",
        "jsx",
        "node",
        "mjs"
      ]
    },
    "babel": {
      "presets": [
        "react-app"
      ]
    },
    "eslintConfig": {
      "extends": "react-app"
    }
  }

yarn manifest: 
  No manifest

Lockfile: 
  No lockfile
